\BOOKMARK [0][-]{chapter.1}{\376\377\0001\000\040\000A\000V\000A\000\040\000L\000L\000C\000\040\000D\000o\000c\000u\000m\000e\000n\000t\000a\000t\000i\000o\000n}{}% 1
\BOOKMARK [1][-]{section.1.1}{\376\377\0001\000.\0001\000\040\000I\000n\000t\000r\000o\000d\000u\000c\000t\000i\000o\000n}{chapter.1}% 2
\BOOKMARK [1][-]{section.1.2}{\376\377\0001\000.\0002\000\040\000A\000u\000t\000h\000o\000r}{chapter.1}% 3
\BOOKMARK [0][-]{chapter.2}{\376\377\0002\000\040\000M\000A\000I\000N\000B\000O\000A\000R\000D\000\040\000S\000u\000b\000s\000y\000s\000t\000e\000m}{}% 4
\BOOKMARK [1][-]{section.2.1}{\376\377\0002\000.\0001\000\040\000R\000e\000l\000a\000t\000e\000d\000\040\000M\000o\000d\000u\000l\000e}{chapter.2}% 5
\BOOKMARK [0][-]{chapter.3}{\376\377\0003\000\040\000U\000L\000T\000R\000A\000S\000O\000N\000I\000C\000\040\000S\000u\000b\000s\000y\000s\000t\000e\000m}{}% 6
\BOOKMARK [1][-]{section.3.1}{\376\377\0003\000.\0001\000\040\000R\000e\000l\000a\000t\000e\000d\000\040\000M\000o\000d\000u\000l\000e}{chapter.3}% 7
\BOOKMARK [0][-]{chapter.4}{\376\377\0004\000\040\000S\000T\000E\000E\000R\000I\000N\000G\000\040\000S\000u\000b\000s\000y\000s\000t\000e\000m}{}% 8
\BOOKMARK [1][-]{section.4.1}{\376\377\0004\000.\0001\000\040\000R\000e\000l\000a\000t\000e\000d\000\040\000M\000o\000d\000u\000l\000e}{chapter.4}% 9
\BOOKMARK [0][-]{chapter.5}{\376\377\0005\000\040\000B\000R\000A\000K\000E\000\040\000S\000u\000b\000s\000y\000s\000t\000e\000m}{}% 10
\BOOKMARK [1][-]{section.5.1}{\376\377\0005\000.\0001\000\040\000R\000e\000l\000a\000t\000e\000d\000\040\000M\000o\000d\000u\000l\000e}{chapter.5}% 11
\BOOKMARK [0][-]{chapter.6}{\376\377\0006\000\040\000T\000o\000p\000i\000c\000\040\000I\000n\000d\000e\000x}{}% 12
\BOOKMARK [1][-]{section.6.1}{\376\377\0006\000.\0001\000\040\000T\000o\000p\000i\000c\000s}{chapter.6}% 13
\BOOKMARK [0][-]{chapter.7}{\376\377\0007\000\040\000T\000o\000p\000i\000c\000\040\000D\000o\000c\000u\000m\000e\000n\000t\000a\000t\000i\000o\000n}{}% 14
\BOOKMARK [1][-]{section.7.1}{\376\377\0007\000.\0001\000\040\000M\000A\000I\000N\000B\000O\000A\000R\000D}{chapter.7}% 15
\BOOKMARK [2][-]{subsection.7.1.1}{\376\377\0007\000.\0001\000.\0001\000\040\000D\000e\000t\000a\000i\000l\000e\000d\000\040\000D\000e\000s\000c\000r\000i\000p\000t\000i\000o\000n}{section.7.1}% 16
\BOOKMARK [2][-]{subsection.7.1.2}{\376\377\0007\000.\0001\000.\0002\000\040\000M\000a\000c\000r\000o\000\040\000D\000e\000f\000i\000n\000i\000t\000i\000o\000n\000\040\000D\000o\000c\000u\000m\000e\000n\000t\000a\000t\000i\000o\000n}{section.7.1}% 17
\BOOKMARK [3][-]{subsubsection.7.1.2.1}{\376\377\0007\000.\0001\000.\0002\000.\0001\000\040\000T\000H\000R\000O\000T\000T\000L\000E\000\137\000F\000I\000L\000T\000E\000R}{subsection.7.1.2}% 18
\BOOKMARK [3][-]{subsubsection.7.1.2.2}{\376\377\0007\000.\0001\000.\0002\000.\0002\000\040\000U\000A\000R\000T\0001\000\137\000B\000U\000F\000\137\000S\000I\000Z\000E}{subsection.7.1.2}% 19
\BOOKMARK [3][-]{subsubsection.7.1.2.3}{\376\377\0007\000.\0001\000.\0002\000.\0003\000\040\000U\000A\000R\000T\000\137\000B\000U\000F\000\137\000S\000I\000Z\000E}{subsection.7.1.2}% 20
\BOOKMARK [3][-]{subsubsection.7.1.2.4}{\376\377\0007\000.\0001\000.\0002\000.\0004\000\040\000U\000L\000T\000R\000A\000S\000O\000N\000I\000C\000\137\000B\000O\000T\000\137\000T\000H\000R\000E\000S\000H\000O\000L\000D}{subsection.7.1.2}% 21
\BOOKMARK [3][-]{subsubsection.7.1.2.5}{\376\377\0007\000.\0001\000.\0002\000.\0005\000\040\000U\000L\000T\000R\000A\000S\000O\000N\000I\000C\000\137\000T\000H\000R\000E\000S\000H\000O\000L\000D}{subsection.7.1.2}% 22
\BOOKMARK [2][-]{subsection.7.1.3}{\376\377\0007\000.\0001\000.\0003\000\040\000F\000u\000n\000c\000t\000i\000o\000n\000\040\000D\000o\000c\000u\000m\000e\000n\000t\000a\000t\000i\000o\000n}{section.7.1}% 23
\BOOKMARK [3][-]{subsubsection.7.1.3.1}{\376\377\0007\000.\0001\000.\0003\000.\0001\000\040\000\137\000w\000r\000i\000t\000e\000\050\000\051}{subsection.7.1.3}% 24
\BOOKMARK [3][-]{subsubsection.7.1.3.2}{\376\377\0007\000.\0001\000.\0003\000.\0002\000\040\000B\000r\000a\000k\000e\000\050\000\051}{subsection.7.1.3}% 25
\BOOKMARK [3][-]{subsubsection.7.1.3.3}{\376\377\0007\000.\0001\000.\0003\000.\0003\000\040\000c\000a\000n\000b\000u\000s\000\137\000s\000a\000m\000p\000l\000i\000n\000g\000\050\000\051}{subsection.7.1.3}% 26
\BOOKMARK [3][-]{subsubsection.7.1.3.4}{\376\377\0007\000.\0001\000.\0003\000.\0004\000\040\000c\000e\000k\000s\000u\000m\000\050\000\051}{subsection.7.1.3}% 27
\BOOKMARK [3][-]{subsubsection.7.1.3.5}{\376\377\0007\000.\0001\000.\0003\000.\0005\000\040\000E\000r\000r\000o\000r\000\137\000H\000a\000n\000d\000l\000e\000r\000\050\000\051}{subsection.7.1.3}% 28
\BOOKMARK [3][-]{subsubsection.7.1.3.6}{\376\377\0007\000.\0001\000.\0003\000.\0006\000\040\000e\000z\000k\000o\000n\000t\000r\000o\000l\000\050\000\051}{subsection.7.1.3}% 29
\BOOKMARK [3][-]{subsubsection.7.1.3.7}{\376\377\0007\000.\0001\000.\0003\000.\0007\000\040\000H\000A\000L\000\137\000T\000I\000M\000\137\000P\000e\000r\000i\000o\000d\000E\000l\000a\000p\000s\000e\000d\000C\000a\000l\000l\000b\000a\000c\000k\000\050\000\051}{subsection.7.1.3}% 30
\BOOKMARK [3][-]{subsubsection.7.1.3.8}{\376\377\0007\000.\0001\000.\0003\000.\0008\000\040\000H\000A\000L\000\137\000U\000A\000R\000T\000\137\000R\000x\000C\000p\000l\000t\000C\000a\000l\000l\000b\000a\000c\000k\000\050\000\051}{subsection.7.1.3}% 31
\BOOKMARK [3][-]{subsubsection.7.1.3.9}{\376\377\0007\000.\0001\000.\0003\000.\0009\000\040\000m\000a\000i\000n\000\050\000\051}{subsection.7.1.3}% 32
\BOOKMARK [2][-]{subsection.7.1.4}{\376\377\0007\000.\0001\000.\0004\000\040\000a\000s\000\040\000t\000h\000e\000\040\000i\000m\000p\000l\000e\000m\000e\000n\000t\000a\000t\000i\000o\000n\000s\000\040\000l\000a\000t\000e\000r\000\040\000i\000n\000\040\000t\000h\000e\000\040\000f\000i\000l\000e\000.}{section.7.1}% 33
\BOOKMARK [3][-]{subsubsection.7.1.4.1}{\376\377\0007\000.\0001\000.\0004\000.\0001\000\040\000p\000a\000r\000s\000e\000\137\000c\000o\000m\000m\000a\000n\000d\000\050\000\051}{subsection.7.1.4}% 34
\BOOKMARK [3][-]{subsubsection.7.1.4.2}{\376\377\0007\000.\0001\000.\0004\000.\0002\000\040\000P\000e\000r\000i\000p\000h\000C\000o\000m\000m\000o\000n\000C\000l\000o\000c\000k\000\137\000C\000o\000n\000f\000i\000g\000\050\000\051}{subsection.7.1.4}% 35
\BOOKMARK [3][-]{subsubsection.7.1.4.3}{\376\377\0007\000.\0001\000.\0004\000.\0003\000\040\000q\000u\000e\000r\000y\000\137\000r\000e\000q\000u\000e\000s\000t\000\137\000d\000a\000t\000a\000\050\000\051}{subsection.7.1.4}% 36
\BOOKMARK [3][-]{subsubsection.7.1.4.4}{\376\377\0007\000.\0001\000.\0004\000.\0004\000\040\000s\000a\000f\000e\000t\000y\000\137\000s\000y\000s\000t\000e\000m\000\050\000\051}{subsection.7.1.4}% 37
\BOOKMARK [3][-]{subsubsection.7.1.4.5}{\376\377\0007\000.\0001\000.\0004\000.\0005\000\040\000s\000e\000n\000d\000\137\000u\000a\000r\000t\000\050\000\051}{subsection.7.1.4}% 38
\BOOKMARK [3][-]{subsubsection.7.1.4.6}{\376\377\0007\000.\0001\000.\0004\000.\0006\000\040\000S\000t\000e\000e\000r\000i\000n\000g\000\050\000\051}{subsection.7.1.4}% 39
\BOOKMARK [3][-]{subsubsection.7.1.4.7}{\376\377\0007\000.\0001\000.\0004\000.\0007\000\040\000S\000y\000s\000t\000e\000m\000C\000l\000o\000c\000k\000\137\000C\000o\000n\000f\000i\000g\000\050\000\051}{subsection.7.1.4}% 40
\BOOKMARK [2][-]{subsection.7.1.5}{\376\377\0007\000.\0001\000.\0005\000\040\000V\000a\000r\000i\000a\000b\000l\000e\000\040\000D\000o\000c\000u\000m\000e\000n\000t\000a\000t\000i\000o\000n}{section.7.1}% 41
\BOOKMARK [3][-]{subsubsection.7.1.5.1}{\376\377\0007\000.\0001\000.\0005\000.\0001\000\040\000c\000l\000o\000s\000e\000s\000t\000\137\000r\000a\000d\000a\000r}{subsection.7.1.5}% 42
\BOOKMARK [3][-]{subsubsection.7.1.5.2}{\376\377\0007\000.\0001\000.\0005\000.\0002\000\040\000c\000o\000n\000t\000r\000o\000l\000\137\000c\000m\000d}{subsection.7.1.5}% 43
\BOOKMARK [3][-]{subsubsection.7.1.5.3}{\376\377\0007\000.\0001\000.\0005\000.\0003\000\040\000d\000e\000f\000a\000u\000l\000t\000T\000a\000s\000k\000\137\000a\000t\000t\000r\000i\000b\000u\000t\000e\000s}{subsection.7.1.5}% 44
\BOOKMARK [3][-]{subsubsection.7.1.5.4}{\376\377\0007\000.\0001\000.\0005\000.\0004\000\040\000d\000e\000f\000a\000u\000l\000t\000T\000a\000s\000k\000H\000a\000n\000d\000l\000e}{subsection.7.1.5}% 45
\BOOKMARK [3][-]{subsubsection.7.1.5.5}{\376\377\0007\000.\0001\000.\0005\000.\0005\000\040\000e\000z\000\137\000l\000a\000s\000t\000\137\000c\000a\000n\000\137\000t\000i\000m\000e}{subsection.7.1.5}% 46
\BOOKMARK [3][-]{subsubsection.7.1.5.6}{\376\377\0007\000.\0001\000.\0005\000.\0006\000\040\000f\000l\000a\000g\000\137\000a\000n\000a\000l\000o\000g\000\137\000t\000h\000r\000o\000t\000t\000l\000e}{subsection.7.1.5}% 47
\BOOKMARK [3][-]{subsubsection.7.1.5.7}{\376\377\0007\000.\0001\000.\0005\000.\0007\000\040\000f\000l\000a\000g\000\137\000b\000r\000a\000k\000e}{subsection.7.1.5}% 48
\BOOKMARK [3][-]{subsubsection.7.1.5.8}{\376\377\0007\000.\0001\000.\0005\000.\0008\000\040\000f\000l\000a\000g\000\137\000e\000m\000e\000r\000g\000e\000n\000c\000y}{subsection.7.1.5}% 49
\BOOKMARK [3][-]{subsubsection.7.1.5.9}{\376\377\0007\000.\0001\000.\0005\000.\0009\000\040\000f\000l\000a\000g\000\137\000e\000z\000k\000o\000n\000t\000r\000o\000l}{subsection.7.1.5}% 50
\BOOKMARK [3][-]{subsubsection.7.1.5.10}{\376\377\0007\000.\0001\000.\0005\000.\0001\0000\000\040\000f\000l\000a\000g\000\137\000k\000e\000y}{subsection.7.1.5}% 51
\BOOKMARK [3][-]{subsubsection.7.1.5.11}{\376\377\0007\000.\0001\000.\0005\000.\0001\0001\000\040\000f\000l\000a\000g\000\137\000r\000e\000m\000o\000t\000e}{subsection.7.1.5}% 52
\BOOKMARK [3][-]{subsubsection.7.1.5.12}{\376\377\0007\000.\0001\000.\0005\000.\0001\0002\000\040\000f\000l\000a\000g\000\137\000s\000t\000e\000e\000r\000i\000n\000g}{subsection.7.1.5}% 53
\BOOKMARK [3][-]{subsubsection.7.1.5.13}{\376\377\0007\000.\0001\000.\0005\000.\0001\0003\000\040\000f\000l\000a\000g\000\137\000u\000l\000t\000r\000a\000s\000o\000n\000i\000c\000\137\000f\000r\000o\000n\000t}{subsection.7.1.5}% 54
\BOOKMARK [3][-]{subsubsection.7.1.5.14}{\376\377\0007\000.\0001\000.\0005\000.\0001\0004\000\040\000f\000l\000a\000g\000\137\000u\000l\000t\000r\000a\000s\000o\000n\000i\000c\000\137\000r\000e\000a\000r}{subsection.7.1.5}% 55
\BOOKMARK [3][-]{subsubsection.7.1.5.15}{\376\377\0007\000.\0001\000.\0005\000.\0001\0005\000\040\000h\000f\000d\000c\000a\000n\0002}{subsection.7.1.5}% 56
\BOOKMARK [3][-]{subsubsection.7.1.5.16}{\376\377\0007\000.\0001\000.\0005\000.\0001\0006\000\040\000h\000u\000a\000r\000t\0001}{subsection.7.1.5}% 57
\BOOKMARK [3][-]{subsubsection.7.1.5.17}{\376\377\0007\000.\0001\000.\0005\000.\0001\0007\000\040\000h\000u\000a\000r\000t\0002}{subsection.7.1.5}% 58
\BOOKMARK [3][-]{subsubsection.7.1.5.18}{\376\377\0007\000.\0001\000.\0005\000.\0001\0008\000\040\000h\000u\000a\000r\000t\0008}{subsection.7.1.5}% 59
\BOOKMARK [3][-]{subsubsection.7.1.5.19}{\376\377\0007\000.\0001\000.\0005\000.\0001\0009\000\040\000i\000s\000\137\000b\000r\000o\000a\000d\000c\000a\000s\000t}{subsection.7.1.5}% 60
\BOOKMARK [3][-]{subsubsection.7.1.5.20}{\376\377\0007\000.\0001\000.\0005\000.\0002\0000\000\040\000i\000s\000\137\000r\000e\000m\000o\000t\000e\000\137\000r\000e\000a\000d\000y}{subsection.7.1.5}% 61
\BOOKMARK [3][-]{subsubsection.7.1.5.21}{\376\377\0007\000.\0001\000.\0005\000.\0002\0001\000\040\000l\000a\000s\000t\000\137\000e\000z\000k\000o\000n\000t\000r\000o\000l\000\137\000r\000p\000m}{subsection.7.1.5}% 62
\BOOKMARK [3][-]{subsubsection.7.1.5.22}{\376\377\0007\000.\0001\000.\0005\000.\0002\0002\000\040\000m\000y\000T\000a\000s\000k\0000\0002\000\137\000a\000t\000t\000r\000i\000b\000u\000t\000e\000s}{subsection.7.1.5}% 63
\BOOKMARK [3][-]{subsubsection.7.1.5.23}{\376\377\0007\000.\0001\000.\0005\000.\0002\0003\000\040\000m\000y\000T\000a\000s\000k\0000\0002\000H\000a\000n\000d\000l\000e}{subsection.7.1.5}% 64
\BOOKMARK [3][-]{subsubsection.7.1.5.24}{\376\377\0007\000.\0001\000.\0005\000.\0002\0004\000\040\000m\000y\000T\000a\000s\000k\0000\0003\000\137\000a\000t\000t\000r\000i\000b\000u\000t\000e\000s}{subsection.7.1.5}% 65
\BOOKMARK [3][-]{subsubsection.7.1.5.25}{\376\377\0007\000.\0001\000.\0005\000.\0002\0005\000\040\000m\000y\000T\000a\000s\000k\0000\0003\000H\000a\000n\000d\000l\000e}{subsection.7.1.5}% 66
\BOOKMARK [3][-]{subsubsection.7.1.5.26}{\376\377\0007\000.\0001\000.\0005\000.\0002\0006\000\040\000m\000y\000T\000a\000s\000k\0000\0004\000\137\000a\000t\000t\000r\000i\000b\000u\000t\000e\000s}{subsection.7.1.5}% 67
\BOOKMARK [3][-]{subsubsection.7.1.5.27}{\376\377\0007\000.\0001\000.\0005\000.\0002\0007\000\040\000m\000y\000T\000a\000s\000k\0000\0004\000H\000a\000n\000d\000l\000e}{subsection.7.1.5}% 68
\BOOKMARK [3][-]{subsubsection.7.1.5.28}{\376\377\0007\000.\0001\000.\0005\000.\0002\0008\000\040\000m\000y\000T\000a\000s\000k\0000\0005\000\137\000a\000t\000t\000r\000i\000b\000u\000t\000e\000s}{subsection.7.1.5}% 69
\BOOKMARK [3][-]{subsubsection.7.1.5.29}{\376\377\0007\000.\0001\000.\0005\000.\0002\0009\000\040\000m\000y\000T\000a\000s\000k\0000\0005\000H\000a\000n\000d\000l\000e}{subsection.7.1.5}% 70
\BOOKMARK [3][-]{subsubsection.7.1.5.30}{\376\377\0007\000.\0001\000.\0005\000.\0003\0000\000\040\000m\000y\000T\000a\000s\000k\0000\0006\000\137\000a\000t\000t\000r\000i\000b\000u\000t\000e\000s}{subsection.7.1.5}% 71
\BOOKMARK [3][-]{subsubsection.7.1.5.31}{\376\377\0007\000.\0001\000.\0005\000.\0003\0001\000\040\000m\000y\000T\000a\000s\000k\0000\0006\000H\000a\000n\000d\000l\000e}{subsection.7.1.5}% 72
\BOOKMARK [3][-]{subsubsection.7.1.5.32}{\376\377\0007\000.\0001\000.\0005\000.\0003\0002\000\040\000p\000r\000e\000v\000\137\000r\000p\000m}{subsection.7.1.5}% 73
\BOOKMARK [3][-]{subsubsection.7.1.5.33}{\376\377\0007\000.\0001\000.\0005\000.\0003\0003\000\040\000r\000e\000a\000d\000y\000\137\000t\000o\000\137\000r\000e\000c\000i\000e\000v\000e\000\137\000r\000a\000d\000a\000r}{subsection.7.1.5}% 74
\BOOKMARK [3][-]{subsubsection.7.1.5.34}{\376\377\0007\000.\0001\000.\0005\000.\0003\0004\000\040\000r\000e\000m\000o\000t\000e\000\137\000b\000i\000n}{subsection.7.1.5}% 75
\BOOKMARK [3][-]{subsubsection.7.1.5.35}{\376\377\0007\000.\0001\000.\0005\000.\0003\0005\000\040\000r\000e\000m\000o\000t\000e\000\137\000c\000m\000d}{subsection.7.1.5}% 76
\BOOKMARK [3][-]{subsubsection.7.1.5.36}{\376\377\0007\000.\0001\000.\0005\000.\0003\0006\000\040\000r\000o\000t\000a\000t\000i\000o\000n}{subsection.7.1.5}% 77
\BOOKMARK [3][-]{subsubsection.7.1.5.37}{\376\377\0007\000.\0001\000.\0005\000.\0003\0007\000\040\000r\000p\000m\000\137\000s\000a\000m\000p\000l\000i\000n\000g}{subsection.7.1.5}% 78
\BOOKMARK [3][-]{subsubsection.7.1.5.38}{\376\377\0007\000.\0001\000.\0005\000.\0003\0008\000\040\000r\000x\000\137\000m\000a\000i\000l\000b\000o\000x}{subsection.7.1.5}% 79
\BOOKMARK [3][-]{subsubsection.7.1.5.39}{\376\377\0007\000.\0001\000.\0005\000.\0003\0009\000\040\000r\000x\000D\000a\000t\000a\000\137\000a\000n\000a\000l\000o\000g\000\137\000t\000h\000r\000o\000t\000t\000l\000e}{subsection.7.1.5}% 80
\BOOKMARK [3][-]{subsubsection.7.1.5.40}{\376\377\0007\000.\0001\000.\0005\000.\0004\0000\000\040\000r\000x\000D\000a\000t\000a\000\137\000b\000r\000a\000k\000e}{subsection.7.1.5}% 81
\BOOKMARK [3][-]{subsubsection.7.1.5.41}{\376\377\0007\000.\0001\000.\0005\000.\0004\0001\000\040\000r\000x\000D\000a\000t\000a\000\137\000e\000z\000k\000o\000n\000t\000r\000o\000l}{subsection.7.1.5}% 82
\BOOKMARK [3][-]{subsubsection.7.1.5.42}{\376\377\0007\000.\0001\000.\0005\000.\0004\0002\000\040\000r\000x\000D\000a\000t\000a\000\137\000s\000t\000e\000e\000r\000i\000n\000g}{subsection.7.1.5}% 83
\BOOKMARK [3][-]{subsubsection.7.1.5.43}{\376\377\0007\000.\0001\000.\0005\000.\0004\0003\000\040\000r\000x\000D\000a\000t\000a\000\137\000u\000l\000t\000r\000a\000s\000o\000n\000i\000c\000\137\000f\000r\000o\000n\000t}{subsection.7.1.5}% 84
\BOOKMARK [3][-]{subsubsection.7.1.5.44}{\376\377\0007\000.\0001\000.\0005\000.\0004\0004\000\040\000r\000x\000D\000a\000t\000a\000\137\000u\000l\000t\000r\000a\000s\000o\000n\000i\000c\000\137\000r\000e\000a\000r}{subsection.7.1.5}% 85
\BOOKMARK [3][-]{subsubsection.7.1.5.45}{\376\377\0007\000.\0001\000.\0005\000.\0004\0005\000\040\000r\000x\000H\000e\000a\000d\000e\000r}{subsection.7.1.5}% 86
\BOOKMARK [3][-]{subsubsection.7.1.5.46}{\376\377\0007\000.\0001\000.\0005\000.\0004\0006\000\040\000t\000o\000t\000a\000l\000\137\000r\000o\000t\000a\000t\000i\000o\000n}{subsection.7.1.5}% 87
\BOOKMARK [3][-]{subsubsection.7.1.5.47}{\376\377\0007\000.\0001\000.\0005\000.\0004\0007\000\040\000u\000a\000r\000t\0001\000\137\000d\000a\000t\000a}{subsection.7.1.5}% 88
\BOOKMARK [3][-]{subsubsection.7.1.5.48}{\376\377\0007\000.\0001\000.\0005\000.\0004\0008\000\040\000u\000a\000r\000t\0001\000\137\000i\000n\000d\000e\000x}{subsection.7.1.5}% 89
\BOOKMARK [3][-]{subsubsection.7.1.5.49}{\376\377\0007\000.\0001\000.\0005\000.\0004\0009\000\040\000u\000a\000r\000t\0001\000\137\000r\000x\000\137\000b\000u\000f\000f\000e\000r}{subsection.7.1.5}% 90
\BOOKMARK [3][-]{subsubsection.7.1.5.50}{\376\377\0007\000.\0001\000.\0005\000.\0005\0000\000\040\000u\000a\000r\000t\000\137\000b\000y\000t\000e\0001}{subsection.7.1.5}% 91
\BOOKMARK [3][-]{subsubsection.7.1.5.51}{\376\377\0007\000.\0001\000.\0005\000.\0005\0001\000\040\000u\000a\000r\000t\000\137\000b\000y\000t\000e\0008}{subsection.7.1.5}% 92
\BOOKMARK [3][-]{subsubsection.7.1.5.52}{\376\377\0007\000.\0001\000.\0005\000.\0005\0002\000\040\000u\000a\000r\000t\000\137\000c\000m\000d}{subsection.7.1.5}% 93
\BOOKMARK [3][-]{subsubsection.7.1.5.53}{\376\377\0007\000.\0001\000.\0005\000.\0005\0003\000\040\000u\000a\000r\000t\000\137\000d\000a\000t\000a}{subsection.7.1.5}% 94
\BOOKMARK [3][-]{subsubsection.7.1.5.54}{\376\377\0007\000.\0001\000.\0005\000.\0005\0004\000\040\000u\000a\000r\000t\000\137\000i\000n\000d\000e\000x}{subsection.7.1.5}% 95
\BOOKMARK [3][-]{subsubsection.7.1.5.55}{\376\377\0007\000.\0001\000.\0005\000.\0005\0005\000\040\000u\000a\000r\000t\000\137\000l\000a\000s\000t\000\137\000r\000e\000m\000o\000t\000e\000\137\000t\000i\000m\000e}{subsection.7.1.5}% 96
\BOOKMARK [3][-]{subsubsection.7.1.5.56}{\376\377\0007\000.\0001\000.\0005\000.\0005\0006\000\040\000u\000a\000r\000t\000\137\000r\000x\000\137\000b\000u\000f\000f\000e\000r}{subsection.7.1.5}% 97
